Created by PLY version 3.8 (http://www.dabeaz.com/ply)

Grammar

Rule 0     S' -> start
Rule 1     start -> Day
Rule 2     start -> Love
Rule 3     start -> Gift

Terminals, with rules where they appear

Day                  : 1
Gift                 : 3
Love                 : 2
error                : 

Nonterminals, with rules where they appear

start                : 0

Parsing method: LALR

state 0

    (0) S' -> . start
    (1) start -> . Day
    (2) start -> . Love
    (3) start -> . Gift

    Day             shift and go to state 1
    Love            shift and go to state 2
    Gift            shift and go to state 3

    start                          shift and go to state 4

state 1

    (1) start -> Day .

    $end            reduce using rule 1 (start -> Day .)


state 2

    (2) start -> Love .

    $end            reduce using rule 2 (start -> Love .)


state 3

    (3) start -> Gift .

    $end            reduce using rule 3 (start -> Gift .)


state 4

    (0) S' -> start .


